[12:59:29] [main/INFO]: ModLauncher running: args [--mod, onlyhammers, --all, --output, D:\Programmazione\Mod\Only Hammers\NEOFORGE\1.21.4\src\generated\resources, --existing, D:\Programmazione\Mod\Only Hammers\NEOFORGE\1.21.4\src\main\resources, --launchTarget, neoforgeclientdatadev, --assetIndex, asset-index, --assetsDir, C:\Users\rosar\.gradle\caches\minecraft\assets, --gameDir, ., --fml.fmlVersion, 6.0.4, --fml.mcVersion, 1.21.4, --fml.neoForgeVersion, 21.4.38-beta, --fml.neoFormVersion, 20241203.161809]
[12:59:29] [main/INFO]: JVM identified as Amazon.com Inc. OpenJDK 64-Bit Server VM 21.0.5+11-LTS
[12:59:29] [main/INFO]: ModLauncher 11.0.4+main.d2e20e43 starting: java version 21.0.5 by Amazon.com Inc.; OS Windows 11 arch amd64 version 10.0
[12:59:30] [main/INFO]: ImmediateWindowProvider not loading because launch target is neoforgeclientdatadev
[12:59:30] [main/INFO]: SpongePowered MIXIN Subsystem Version=0.8.7 Source=union:/C:/Users/rosar/.gradle/caches/modules-2/files-2.1/net.fabricmc/sponge-mixin/0.15.2+mixin.0.8.7/2af2f021d8e02a0220dc27a7a72b4666d66d44ca/sponge-mixin-0.15.2+mixin.0.8.7.jar%23166!/ Service=ModLauncher Env=CLIENT
[12:59:30] [main/INFO]: Found mod file "neoforge-21.4.38-beta.jar" [locator: neoforge devenv provider ([D:\Programmazione\Mod\Only Hammers\NEOFORGE\1.21.4\.gradle\repositories\ng_dummy_ng\net\neoforged\neoforge\21.4.38-beta\neoforge-21.4.38-beta.jar])]
[12:59:30] [main/INFO]: Found mod file "neoforge-21.4.38-beta.jar" [locator: neoforge devenv provider ([D:\Programmazione\Mod\Only Hammers\NEOFORGE\1.21.4\.gradle\repositories\ng_dummy_ng\net\neoforged\neoforge\21.4.38-beta\neoforge-21.4.38-beta.jar])]
[12:59:30] [main/INFO]: Found mod file "main" [locator: userdev mods and services, reader: mod manifest]
[12:59:30] [main/INFO]: Found mod file "neoforge-21.4.38-beta.jar" [locator: userdev mods and services, reader: mod manifest]
[12:59:30] [main/INFO]: Found mod file "RoughlyEnoughItems-neoforge-18.0.796.jar" [locator: userdev mods and services, reader: mod manifest]
[12:59:30] [main/INFO]: Found mod file "cloth-config-neoforge-17.0.144-neoforge.jar" [locator: userdev mods and services, reader: mod manifest]
[12:59:30] [main/INFO]: Found mod file "architectury-neoforge-15.0.1.jar" [locator: userdev mods and services, reader: mod manifest]
[12:59:31] [main/INFO]: Found gamelibrary file "mixinextras-neoforge-0.4.1.jar" [locator: userdev mods and services, reader: mod manifest]
[12:59:31] [main/WARN]: Attempted to select a dependency jar for JarJar which was passed in as source: library:mixinextras.neoforge. Using Mod File: C:\Users\rosar\.gradle\caches\modules-2\files-2.1\io.github.llamalad7\mixinextras-neoforge\0.4.1\eff97772ecd0dcf8e52cdbafd3b3ccec425f8314\mixinextras-neoforge-0.4.1.jar
[12:59:31] [main/INFO]: Found 1 dependencies adding them to mods collection
[12:59:31] [main/INFO]: Found library file "net.neoforged.neoforge-coremods-21.4.38-beta.jar" [parent: neoforge-21.4.38-beta.jar, locator: jarinjar, reader: mod manifest]
[12:59:31] [main/INFO]: 
     Mod List:
		Name Version (Mod Id)

		Architectury 15.0.1 (architectury)
		Cloth Config v17 API 17.0.144 (cloth_config)
		Minecraft 1.21.4 (minecraft)
		NeoForge 21.4.38-beta (neoforge)
		OnlyHammers 1.21.4-0.1 (onlyhammers)
		Roughly Enough Items (REI) 18.0.796 (roughlyenoughitems)
[12:59:32] [main/INFO]: Launching target 'neoforgeclientdatadev' with arguments [--gameDir, ., --assetsDir, C:\Users\rosar\.gradle\caches\minecraft\assets, --mod, onlyhammers, --all, --output, D:\Programmazione\Mod\Only Hammers\NEOFORGE\1.21.4\src\generated\resources, --existing, D:\Programmazione\Mod\Only Hammers\NEOFORGE\1.21.4\src\main\resources, --assetIndex, asset-index]
[04gen2025 12:59:33.155] [main/INFO] [MixinExtras|Service/]: Initializing MixinExtras via com.llamalad7.mixinextras.service.MixinExtrasServiceImpl(version=0.4.1).
[04gen2025 12:59:39.582] [main/INFO] [net.neoforged.neoforge.data.loading.DatagenModLoader/]: Initializing Data Gatherer for mods [onlyhammers]
[04gen2025 12:59:39.666] [modloading-worker-0/INFO] [net.neoforged.neoforge.common.NeoForgeMod/NEOFORGE-MOD]: NeoForge mod loading, version 21.4.38-beta, for MC 1.21.4
[04gen2025 12:59:40.414] [main/WARN] [net.minecraft.server.packs.VanillaPackResourcesBuilder/]: Assets URL 'union:/D:/Programmazione/Mod/Only%20Hammers/NEOFORGE/1.21.4/.gradle/repositories/ng_dummy_ng/net/neoforged/neoforge/21.4.38-beta/neoforge-21.4.38-beta.jar%23221!/assets/.mcassetsroot' uses unexpected schema
[04gen2025 12:59:40.414] [main/WARN] [net.minecraft.server.packs.VanillaPackResourcesBuilder/]: Assets URL 'union:/D:/Programmazione/Mod/Only%20Hammers/NEOFORGE/1.21.4/.gradle/repositories/ng_dummy_ng/net/neoforged/neoforge/21.4.38-beta/neoforge-21.4.38-beta.jar%23221!/data/.mcassetsroot' uses unexpected schema
[04gen2025 12:59:40.559] [main/INFO] [net.minecraft.data.DataGenerator/]: Starting provider: Item Models: onlyhammers
[04gen2025 12:59:40.575] [main/INFO] [net.minecraft.data.DataGenerator/]: Item Models: onlyhammers finished after 15 ms
[04gen2025 12:59:40.575] [main/INFO] [net.minecraft.data.DataGenerator/]: Starting provider: Tags for minecraft:block mod id onlyhammers
[04gen2025 12:59:40.628] [main/INFO] [net.minecraft.data.DataGenerator/]: Tags for minecraft:block mod id onlyhammers finished after 52 ms
[04gen2025 12:59:40.628] [main/INFO] [net.minecraft.data.DataGenerator/]: Starting provider: Tags for minecraft:item mod id onlyhammers
[04gen2025 12:59:40.652] [main/INFO] [net.minecraft.data.DataGenerator/]: Tags for minecraft:item mod id onlyhammers finished after 23 ms
[04gen2025 12:59:40.652] [main/INFO] [net.minecraft.data.DataGenerator/]: Starting provider: Recipes
[04gen2025 12:59:40.719] [main/INFO] [net.minecraft.data.DataGenerator/]: Recipes finished after 66 ms
[04gen2025 12:59:40.720] [main/INFO] [net.minecraft.data.DataGenerator/]: All providers took: 160 ms
[04gen2025 12:59:40.731] [main/INFO] [net.minecraft.data.HashCache/]: Caching: total files: 48, old count: 0, new count: 49, removed stale: 0, written: 48
