[29lug2024 18:00:31.035] [main/INFO] [cpw.mods.modlauncher.Launcher/MODLAUNCHER]: ModLauncher running: args [--mod, onlyhammers, --all, --output, D:\Programmazione\Mod\Only Hammers\NEOFORGE\1.21\src\generated\resources, --existing, D:\Programmazione\Mod\Only Hammers\NEOFORGE\1.21\src\main\resources, --launchTarget, forgedatauserdev, --assetIndex, asset-index, --assetsDir, C:\Users\rosar\.gradle\caches\minecraft\assets\1.21, --gameDir, ., --fml.neoForgeVersion, 21.0.83-beta, --fml.fmlVersion, 4.0.18, --fml.mcVersion, 1.21, --fml.neoFormVersion, 20240613.152323]
[29lug2024 18:00:31.042] [main/INFO] [cpw.mods.modlauncher.Launcher/MODLAUNCHER]: JVM identified as Amazon.com Inc. OpenJDK 64-Bit Server VM 21.0.3+9-LTS
[29lug2024 18:00:31.045] [main/INFO] [cpw.mods.modlauncher.Launcher/MODLAUNCHER]: ModLauncher 11.0.4+main.d2e20e43 starting: java version 21.0.3 by Amazon.com Inc.; OS Windows 11 arch amd64 version 10.0
[29lug2024 18:00:31.272] [main/INFO] [net.neoforged.fml.loading.ImmediateWindowHandler/]: ImmediateWindowProvider not loading because launch target is forgedatauserdev
[29lug2024 18:00:31.362] [main/INFO] [mixin/]: SpongePowered MIXIN Subsystem Version=0.8.6 Source=union:/C:/Users/rosar/.gradle/caches/modules-2/files-2.1/net.fabricmc/sponge-mixin/0.14.0+mixin.0.8.6/c265173c84346e9e5d42a2384b2b02bd39a4a899/sponge-mixin-0.14.0+mixin.0.8.6.jar%23135!/ Service=ModLauncher Env=CLIENT
[29lug2024 18:00:31.616] [main/INFO] [net.neoforged.fml.loading.moddiscovery.ModDiscoverer/SCAN]: Found mod file "neoforge-21.0.83-beta.jar" [locator: neoforge devenv provider ([D:\Programmazione\Mod\Only Hammers\NEOFORGE\1.21\.gradle\repositories\ng_dummy_ng\net\neoforged\neoforge\21.0.83-beta\neoforge-21.0.83-beta.jar])]
[29lug2024 18:00:31.656] [main/INFO] [net.neoforged.fml.loading.moddiscovery.ModDiscoverer/SCAN]: Found mod file "neoforge-21.0.83-beta.jar" [locator: neoforge devenv provider ([D:\Programmazione\Mod\Only Hammers\NEOFORGE\1.21\.gradle\repositories\ng_dummy_ng\net\neoforged\neoforge\21.0.83-beta\neoforge-21.0.83-beta.jar])]
[29lug2024 18:00:31.693] [main/INFO] [net.neoforged.fml.loading.moddiscovery.ModDiscoverer/SCAN]: Found mod file "main" [locator: userdev mods and services, reader: mod manifest]
[29lug2024 18:00:31.706] [main/INFO] [net.neoforged.fml.loading.moddiscovery.ModDiscoverer/SCAN]: Found mod file "neoforge-21.0.83-beta.jar" [locator: userdev mods and services, reader: mod manifest]
[29lug2024 18:00:31.712] [main/INFO] [net.neoforged.fml.loading.moddiscovery.ModDiscoverer/SCAN]: Found mod file "jei-1.21-neoforge-19.5.0.30.jar" [locator: userdev mods and services, reader: mod manifest]
[29lug2024 18:00:31.746] [main/INFO] [net.neoforged.fml.loading.moddiscovery.ModDiscoverer/SCAN]: Found gamelibrary file "mixinextras-neoforge-0.3.5.jar" [locator: userdev mods and services, reader: mod manifest]
[29lug2024 18:00:31.914] [main/WARN] [net.neoforged.jarjar.selection.JarSelector/]: Attempted to select a dependency jar for JarJar which was passed in as source: mixinextras-neoforge-0.3.5.jar. Using Mod File: C:\Users\rosar\.gradle\caches\modules-2\files-2.1\io.github.llamalad7\mixinextras-neoforge\0.3.5\ef3ffcf309dae656517b2f120189b1c9b21737dd\mixinextras-neoforge-0.3.5.jar
[29lug2024 18:00:31.914] [main/INFO] [net.neoforged.fml.loading.moddiscovery.locators.JarInJarDependencyLocator/]: No dependencies to load found. Skipping!
[29lug2024 18:00:32.145] [main/INFO] [net.neoforged.fml.loading.FMLServiceProvider/CORE]: Loading coremod script-engine for [neoforge]
[29lug2024 18:00:33.277] [main/INFO] [mixin/]: Compatibility level set to JAVA_21
[29lug2024 18:00:33.290] [main/INFO] [cpw.mods.modlauncher.LaunchServiceHandler/MODLAUNCHER]: Launching target 'forgedatauserdev' with arguments [--gameDir, ., --assetsDir, C:\Users\rosar\.gradle\caches\minecraft\assets\1.21, --mod, onlyhammers, --all, --output, D:\Programmazione\Mod\Only Hammers\NEOFORGE\1.21\src\generated\resources, --existing, D:\Programmazione\Mod\Only Hammers\NEOFORGE\1.21\src\main\resources, --assetIndex, asset-index]
[29lug2024 18:00:33.815] [main/INFO] [net.neoforged.neoforge.data.loading.DatagenModLoader/]: Initializing Data Gatherer for mods [onlyhammers]
[29lug2024 18:00:33.835] [main/INFO] [MixinExtras|Service/]: Initializing MixinExtras via com.llamalad7.mixinextras.service.MixinExtrasServiceImpl(version=0.3.5).
[29lug2024 18:00:39.786] [modloading-worker-0/INFO] [net.neoforged.neoforge.common.NeoForgeMod/NEOFORGE-MOD]: NeoForge mod loading, version 21.0.83-beta, for MC 1.21
[29lug2024 18:00:39.989] [modloading-worker-0/INFO] [mezz.jei.library.load.PluginCaller/]: Sending ConfigManager...
[29lug2024 18:00:39.996] [modloading-worker-0/INFO] [mezz.jei.library.load.PluginCaller/]: Sending ConfigManager took 4.271 ms
[29lug2024 18:00:40.239] [main/WARN] [net.minecraft.server.packs.VanillaPackResourcesBuilder/]: Assets URL 'union:/D:/Programmazione/Mod/Only%20Hammers/NEOFORGE/1.21/.gradle/repositories/ng_dummy_ng/net/neoforged/neoforge/21.0.83-beta/neoforge-21.0.83-beta.jar%23189!/assets/.mcassetsroot' uses unexpected schema
[29lug2024 18:00:40.239] [main/WARN] [net.minecraft.server.packs.VanillaPackResourcesBuilder/]: Assets URL 'union:/D:/Programmazione/Mod/Only%20Hammers/NEOFORGE/1.21/.gradle/repositories/ng_dummy_ng/net/neoforged/neoforge/21.0.83-beta/neoforge-21.0.83-beta.jar%23189!/data/.mcassetsroot' uses unexpected schema
[29lug2024 18:00:40.422] [main/INFO] [net.minecraft.data.DataGenerator/]: Starting provider: Item Models: onlyhammers
[29lug2024 18:00:40.438] [main/INFO] [net.minecraft.data.DataGenerator/]: Item Models: onlyhammers finished after 15 ms
[29lug2024 18:00:40.438] [main/INFO] [net.minecraft.data.DataGenerator/]: Starting provider: Tags for minecraft:block mod id onlyhammers
[29lug2024 18:00:40.549] [main/INFO] [net.minecraft.data.DataGenerator/]: Tags for minecraft:block mod id onlyhammers finished after 111 ms
[29lug2024 18:00:40.549] [main/INFO] [net.minecraft.data.DataGenerator/]: Starting provider: Tags for minecraft:item mod id onlyhammers
[29lug2024 18:00:40.613] [main/INFO] [net.minecraft.data.DataGenerator/]: Tags for minecraft:item mod id onlyhammers finished after 63 ms
[29lug2024 18:00:40.613] [main/INFO] [net.minecraft.data.DataGenerator/]: All providers took: 192 ms
[29lug2024 18:00:40.625] [main/INFO] [net.minecraft.data.HashCache/]: Caching: total files: 24, old count: 10, new count: 25, removed stale: 0, written: 14
